{"/home/welena/frontend-project-46/src/index.js": {"path":"/home/welena/frontend-project-46/src/index.js","all":false,"statementMap":{"0":{"start":{"line":1,"column":0},"end":{"line":1,"column":24}},"1":{"start":{"line":2,"column":0},"end":{"line":2,"column":20}},"2":{"start":{"line":3,"column":0},"end":{"line":3,"column":23}},"3":{"start":{"line":4,"column":0},"end":{"line":4,"column":27}},"4":{"start":{"line":5,"column":0},"end":{"line":5,"column":0}},"5":{"start":{"line":6,"column":0},"end":{"line":6,"column":0}},"6":{"start":{"line":7,"column":0},"end":{"line":7,"column":0}},"7":{"start":{"line":8,"column":0},"end":{"line":8,"column":33}},"8":{"start":{"line":9,"column":0},"end":{"line":9,"column":34}},"9":{"start":{"line":10,"column":0},"end":{"line":10,"column":34}},"10":{"start":{"line":11,"column":0},"end":{"line":11,"column":47}},"11":{"start":{"line":12,"column":0},"end":{"line":12,"column":2}},"12":{"start":{"line":13,"column":0},"end":{"line":13,"column":36}},"13":{"start":{"line":14,"column":0},"end":{"line":14,"column":29}},"14":{"start":{"line":15,"column":0},"end":{"line":15,"column":29}},"15":{"start":{"line":16,"column":0},"end":{"line":16,"column":4}},"16":{"start":{"line":17,"column":0},"end":{"line":17,"column":34}},"17":{"start":{"line":18,"column":0},"end":{"line":18,"column":36}},"18":{"start":{"line":19,"column":0},"end":{"line":19,"column":51}},"19":{"start":{"line":20,"column":0},"end":{"line":20,"column":5}},"20":{"start":{"line":21,"column":0},"end":{"line":21,"column":29}},"21":{"start":{"line":22,"column":0},"end":{"line":22,"column":36}},"22":{"start":{"line":23,"column":0},"end":{"line":23,"column":53}},"23":{"start":{"line":24,"column":0},"end":{"line":24,"column":5}},"24":{"start":{"line":25,"column":0},"end":{"line":25,"column":46}},"25":{"start":{"line":26,"column":0},"end":{"line":26,"column":28}},"26":{"start":{"line":27,"column":0},"end":{"line":27,"column":55}},"27":{"start":{"line":28,"column":0},"end":{"line":28,"column":5}},"28":{"start":{"line":29,"column":0},"end":{"line":29,"column":4}},"29":{"start":{"line":30,"column":0},"end":{"line":30,"column":27}},"30":{"start":{"line":31,"column":0},"end":{"line":31,"column":12}},"31":{"start":{"line":32,"column":0},"end":{"line":32,"column":60}},"32":{"start":{"line":33,"column":0},"end":{"line":33,"column":6}},"33":{"start":{"line":34,"column":0},"end":{"line":34,"column":5}},"34":{"start":{"line":35,"column":0},"end":{"line":35,"column":16}},"35":{"start":{"line":36,"column":0},"end":{"line":36,"column":2}},"36":{"start":{"line":37,"column":0},"end":{"line":37,"column":0}},"37":{"start":{"line":38,"column":0},"end":{"line":38,"column":26}},"38":{"start":{"line":39,"column":0},"end":{"line":39,"column":45}},"39":{"start":{"line":40,"column":0},"end":{"line":40,"column":25}},"40":{"start":{"line":41,"column":0},"end":{"line":41,"column":34}},"41":{"start":{"line":42,"column":0},"end":{"line":42,"column":44}},"42":{"start":{"line":43,"column":0},"end":{"line":43,"column":43}},"43":{"start":{"line":44,"column":0},"end":{"line":44,"column":44}},"44":{"start":{"line":45,"column":0},"end":{"line":45,"column":41}},"45":{"start":{"line":46,"column":0},"end":{"line":46,"column":47}},"46":{"start":{"line":47,"column":0},"end":{"line":47,"column":44}},"47":{"start":{"line":48,"column":0},"end":{"line":48,"column":39}},"48":{"start":{"line":49,"column":0},"end":{"line":49,"column":44}},"49":{"start":{"line":50,"column":0},"end":{"line":50,"column":5}},"50":{"start":{"line":51,"column":0},"end":{"line":51,"column":15}},"51":{"start":{"line":52,"column":0},"end":{"line":52,"column":9}},"52":{"start":{"line":53,"column":0},"end":{"line":53,"column":38}},"53":{"start":{"line":54,"column":0},"end":{"line":54,"column":1}},"54":{"start":{"line":55,"column":0},"end":{"line":55,"column":0}},"55":{"start":{"line":56,"column":0},"end":{"line":56,"column":60}},"56":{"start":{"line":57,"column":0},"end":{"line":57,"column":0}},"57":{"start":{"line":58,"column":0},"end":{"line":58,"column":32}},"58":{"start":{"line":59,"column":0},"end":{"line":59,"column":45}},"59":{"start":{"line":60,"column":0},"end":{"line":60,"column":52}},"60":{"start":{"line":61,"column":0},"end":{"line":61,"column":1}},"61":{"start":{"line":62,"column":0},"end":{"line":62,"column":0}},"62":{"start":{"line":63,"column":0},"end":{"line":63,"column":40}},"63":{"start":{"line":64,"column":0},"end":{"line":64,"column":22}},"64":{"start":{"line":65,"column":0},"end":{"line":65,"column":16}},"65":{"start":{"line":66,"column":0},"end":{"line":66,"column":30}},"66":{"start":{"line":67,"column":0},"end":{"line":67,"column":17}},"67":{"start":{"line":68,"column":0},"end":{"line":68,"column":18}},"68":{"start":{"line":69,"column":0},"end":{"line":69,"column":31}},"69":{"start":{"line":70,"column":0},"end":{"line":70,"column":16}},"70":{"start":{"line":71,"column":0},"end":{"line":71,"column":44}},"71":{"start":{"line":72,"column":0},"end":{"line":72,"column":3}},"72":{"start":{"line":73,"column":0},"end":{"line":73,"column":2}},"73":{"start":{"line":74,"column":0},"end":{"line":74,"column":8}},"74":{"start":{"line":75,"column":0},"end":{"line":75,"column":58}},"75":{"start":{"line":76,"column":0},"end":{"line":76,"column":0}},"76":{"start":{"line":77,"column":0},"end":{"line":77,"column":42}},"77":{"start":{"line":78,"column":0},"end":{"line":78,"column":0}},"78":{"start":{"line":79,"column":0},"end":{"line":79,"column":71}},"79":{"start":{"line":80,"column":0},"end":{"line":80,"column":71}},"80":{"start":{"line":81,"column":0},"end":{"line":81,"column":0}},"81":{"start":{"line":82,"column":0},"end":{"line":82,"column":41}},"82":{"start":{"line":83,"column":0},"end":{"line":83,"column":0}},"83":{"start":{"line":84,"column":0},"end":{"line":84,"column":37}},"84":{"start":{"line":85,"column":0},"end":{"line":85,"column":31}},"85":{"start":{"line":86,"column":0},"end":{"line":86,"column":2}}},"s":{"0":1,"1":1,"2":1,"3":1,"4":1,"5":1,"6":1,"7":1,"8":2,"9":2,"10":2,"11":2,"12":2,"13":10,"14":10,"15":10,"16":10,"17":10,"18":2,"19":2,"20":8,"21":10,"22":4,"23":4,"24":4,"25":10,"26":2,"27":2,"28":2,"29":2,"30":2,"31":2,"32":2,"33":2,"34":2,"35":2,"36":1,"37":4,"38":4,"39":20,"40":20,"41":8,"42":20,"43":4,"44":12,"45":4,"46":4,"47":4,"48":4,"49":4,"50":20,"51":4,"52":4,"53":4,"54":1,"55":1,"56":1,"57":1,"58":4,"59":4,"60":4,"61":1,"62":1,"63":4,"64":4,"65":2,"66":4,"67":4,"68":2,"69":4,"70":0,"71":4,"72":4,"73":1,"74":1,"75":1,"76":1,"77":2,"78":2,"79":2,"80":2,"81":2,"82":2,"83":2,"84":2,"85":2},"branchMap":{"0":{"type":"branch","line":8,"loc":{"start":{"line":8,"column":16},"end":{"line":36,"column":2}},"locations":[{"start":{"line":8,"column":16},"end":{"line":36,"column":2}}]},"1":{"type":"branch","line":13,"loc":{"start":{"line":13,"column":27},"end":{"line":34,"column":3}},"locations":[{"start":{"line":13,"column":27},"end":{"line":34,"column":3}}]},"2":{"type":"branch","line":18,"loc":{"start":{"line":18,"column":35},"end":{"line":20,"column":5}},"locations":[{"start":{"line":18,"column":35},"end":{"line":20,"column":5}}]},"3":{"type":"branch","line":20,"loc":{"start":{"line":20,"column":4},"end":{"line":22,"column":35}},"locations":[{"start":{"line":20,"column":4},"end":{"line":22,"column":35}}]},"4":{"type":"branch","line":22,"loc":{"start":{"line":22,"column":35},"end":{"line":26,"column":27}},"locations":[{"start":{"line":22,"column":35},"end":{"line":26,"column":27}}]},"5":{"type":"branch","line":26,"loc":{"start":{"line":26,"column":27},"end":{"line":34,"column":3}},"locations":[{"start":{"line":26,"column":27},"end":{"line":34,"column":3}}]},"6":{"type":"branch","line":38,"loc":{"start":{"line":38,"column":0},"end":{"line":54,"column":1}},"locations":[{"start":{"line":38,"column":0},"end":{"line":54,"column":1}}]},"7":{"type":"branch","line":39,"loc":{"start":{"line":39,"column":29},"end":{"line":52,"column":3}},"locations":[{"start":{"line":39,"column":29},"end":{"line":52,"column":3}}]},"8":{"type":"branch","line":41,"loc":{"start":{"line":41,"column":33},"end":{"line":43,"column":5}},"locations":[{"start":{"line":41,"column":33},"end":{"line":43,"column":5}}]},"9":{"type":"branch","line":43,"loc":{"start":{"line":43,"column":5},"end":{"line":50,"column":5}},"locations":[{"start":{"line":43,"column":5},"end":{"line":50,"column":5}}]},"10":{"type":"branch","line":43,"loc":{"start":{"line":43,"column":42},"end":{"line":45,"column":5}},"locations":[{"start":{"line":43,"column":42},"end":{"line":45,"column":5}}]},"11":{"type":"branch","line":45,"loc":{"start":{"line":45,"column":5},"end":{"line":50,"column":5}},"locations":[{"start":{"line":45,"column":5},"end":{"line":50,"column":5}}]},"12":{"type":"branch","line":45,"loc":{"start":{"line":45,"column":40},"end":{"line":50,"column":5}},"locations":[{"start":{"line":45,"column":40},"end":{"line":50,"column":5}}]},"13":{"type":"branch","line":56,"loc":{"start":{"line":56,"column":17},"end":{"line":56,"column":59}},"locations":[{"start":{"line":56,"column":17},"end":{"line":56,"column":59}}]},"14":{"type":"branch","line":58,"loc":{"start":{"line":58,"column":18},"end":{"line":61,"column":1}},"locations":[{"start":{"line":58,"column":18},"end":{"line":61,"column":1}}]},"15":{"type":"branch","line":63,"loc":{"start":{"line":63,"column":18},"end":{"line":73,"column":2}},"locations":[{"start":{"line":63,"column":18},"end":{"line":73,"column":2}}]},"16":{"type":"branch","line":65,"loc":{"start":{"line":65,"column":4},"end":{"line":66,"column":30}},"locations":[{"start":{"line":65,"column":4},"end":{"line":66,"column":30}}]},"17":{"type":"branch","line":67,"loc":{"start":{"line":67,"column":6},"end":{"line":67,"column":17}},"locations":[{"start":{"line":67,"column":6},"end":{"line":67,"column":17}}]},"18":{"type":"branch","line":68,"loc":{"start":{"line":68,"column":6},"end":{"line":69,"column":31}},"locations":[{"start":{"line":68,"column":6},"end":{"line":69,"column":31}}]},"19":{"type":"branch","line":70,"loc":{"start":{"line":70,"column":8},"end":{"line":71,"column":44}},"locations":[{"start":{"line":70,"column":8},"end":{"line":71,"column":44}}]},"20":{"type":"branch","line":75,"loc":{"start":{"line":75,"column":22},"end":{"line":75,"column":57}},"locations":[{"start":{"line":75,"column":22},"end":{"line":75,"column":57}}]},"21":{"type":"branch","line":77,"loc":{"start":{"line":77,"column":15},"end":{"line":86,"column":2}},"locations":[{"start":{"line":77,"column":15},"end":{"line":86,"column":2}}]}},"b":{"0":[2],"1":[10],"2":[2],"3":[8],"4":[4],"5":[2],"6":[4],"7":[20],"8":[8],"9":[12],"10":[4],"11":[8],"12":[4],"13":[4],"14":[4],"15":[4],"16":[2],"17":[0],"18":[2],"19":[0],"20":[4],"21":[2]},"fnMap":{"0":{"name":"genDiff","decl":{"start":{"line":8,"column":16},"end":{"line":36,"column":2}},"loc":{"start":{"line":8,"column":16},"end":{"line":36,"column":2}},"line":8},"1":{"name":"formatter","decl":{"start":{"line":38,"column":0},"end":{"line":54,"column":1}},"loc":{"start":{"line":38,"column":0},"end":{"line":54,"column":1}},"line":38},"2":{"name":"getPath","decl":{"start":{"line":56,"column":17},"end":{"line":56,"column":59}},"loc":{"start":{"line":56,"column":17},"end":{"line":56,"column":59}},"line":56},"3":{"name":"readFile","decl":{"start":{"line":58,"column":18},"end":{"line":61,"column":1}},"loc":{"start":{"line":58,"column":18},"end":{"line":61,"column":1}},"line":58},"4":{"name":"parseFile","decl":{"start":{"line":63,"column":18},"end":{"line":73,"column":2}},"loc":{"start":{"line":63,"column":18},"end":{"line":73,"column":2}},"line":63},"5":{"name":"getExtension","decl":{"start":{"line":75,"column":22},"end":{"line":75,"column":57}},"loc":{"start":{"line":75,"column":22},"end":{"line":75,"column":57}},"line":75},"6":{"name":"default","decl":{"start":{"line":77,"column":15},"end":{"line":86,"column":2}},"loc":{"start":{"line":77,"column":15},"end":{"line":86,"column":2}},"line":77}},"f":{"0":2,"1":4,"2":4,"3":4,"4":4,"5":4,"6":2}}
}
