{"/home/welena/frontend-project-46/src/index.js": {"path":"/home/welena/frontend-project-46/src/index.js","all":false,"statementMap":{"0":{"start":{"line":1,"column":0},"end":{"line":1,"column":24}},"1":{"start":{"line":2,"column":0},"end":{"line":2,"column":20}},"2":{"start":{"line":3,"column":0},"end":{"line":3,"column":23}},"3":{"start":{"line":4,"column":0},"end":{"line":4,"column":37}},"4":{"start":{"line":5,"column":0},"end":{"line":5,"column":46}},"5":{"start":{"line":6,"column":0},"end":{"line":6,"column":0}},"6":{"start":{"line":7,"column":0},"end":{"line":7,"column":33}},"7":{"start":{"line":8,"column":0},"end":{"line":8,"column":34}},"8":{"start":{"line":9,"column":0},"end":{"line":9,"column":34}},"9":{"start":{"line":10,"column":0},"end":{"line":10,"column":47}},"10":{"start":{"line":11,"column":0},"end":{"line":11,"column":0}},"11":{"start":{"line":12,"column":0},"end":{"line":12,"column":36}},"12":{"start":{"line":13,"column":0},"end":{"line":13,"column":29}},"13":{"start":{"line":14,"column":0},"end":{"line":14,"column":29}},"14":{"start":{"line":15,"column":0},"end":{"line":15,"column":0}},"15":{"start":{"line":16,"column":0},"end":{"line":16,"column":34}},"16":{"start":{"line":17,"column":0},"end":{"line":17,"column":36}},"17":{"start":{"line":18,"column":0},"end":{"line":18,"column":51}},"18":{"start":{"line":19,"column":0},"end":{"line":19,"column":5}},"19":{"start":{"line":20,"column":0},"end":{"line":20,"column":29}},"20":{"start":{"line":21,"column":0},"end":{"line":21,"column":36}},"21":{"start":{"line":22,"column":0},"end":{"line":22,"column":53}},"22":{"start":{"line":23,"column":0},"end":{"line":23,"column":5}},"23":{"start":{"line":24,"column":0},"end":{"line":24,"column":46}},"24":{"start":{"line":25,"column":0},"end":{"line":25,"column":28}},"25":{"start":{"line":26,"column":0},"end":{"line":26,"column":55}},"26":{"start":{"line":27,"column":0},"end":{"line":27,"column":5}},"27":{"start":{"line":28,"column":0},"end":{"line":28,"column":21}},"28":{"start":{"line":29,"column":0},"end":{"line":29,"column":67}},"29":{"start":{"line":30,"column":0},"end":{"line":30,"column":71}},"30":{"start":{"line":31,"column":0},"end":{"line":31,"column":5}},"31":{"start":{"line":32,"column":0},"end":{"line":32,"column":27}},"32":{"start":{"line":33,"column":0},"end":{"line":33,"column":12}},"33":{"start":{"line":34,"column":0},"end":{"line":34,"column":60}},"34":{"start":{"line":35,"column":0},"end":{"line":35,"column":6}},"35":{"start":{"line":36,"column":0},"end":{"line":36,"column":5}},"36":{"start":{"line":37,"column":0},"end":{"line":37,"column":16}},"37":{"start":{"line":38,"column":0},"end":{"line":38,"column":2}},"38":{"start":{"line":39,"column":0},"end":{"line":39,"column":0}},"39":{"start":{"line":40,"column":0},"end":{"line":40,"column":60}},"40":{"start":{"line":41,"column":0},"end":{"line":41,"column":0}},"41":{"start":{"line":42,"column":0},"end":{"line":42,"column":32}},"42":{"start":{"line":43,"column":0},"end":{"line":43,"column":45}},"43":{"start":{"line":44,"column":0},"end":{"line":44,"column":52}},"44":{"start":{"line":45,"column":0},"end":{"line":45,"column":2}},"45":{"start":{"line":46,"column":0},"end":{"line":46,"column":0}},"46":{"start":{"line":47,"column":0},"end":{"line":47,"column":58}},"47":{"start":{"line":48,"column":0},"end":{"line":48,"column":0}},"48":{"start":{"line":49,"column":0},"end":{"line":49,"column":62}},"49":{"start":{"line":50,"column":0},"end":{"line":50,"column":71}},"50":{"start":{"line":51,"column":0},"end":{"line":51,"column":71}},"51":{"start":{"line":52,"column":0},"end":{"line":52,"column":0}},"52":{"start":{"line":53,"column":0},"end":{"line":53,"column":41}},"53":{"start":{"line":54,"column":0},"end":{"line":54,"column":39}},"54":{"start":{"line":55,"column":0},"end":{"line":55,"column":2}}},"s":{"0":1,"1":1,"2":1,"3":1,"4":1,"5":1,"6":1,"7":20,"8":20,"9":20,"10":20,"11":20,"12":72,"13":72,"14":72,"15":72,"16":72,"17":20,"18":20,"19":52,"20":72,"21":8,"22":8,"23":44,"24":72,"25":12,"26":12,"27":32,"28":72,"29":16,"30":16,"31":16,"32":16,"33":16,"34":16,"35":20,"36":20,"37":20,"38":1,"39":1,"40":1,"41":1,"42":8,"43":8,"44":8,"45":1,"46":1,"47":1,"48":1,"49":4,"50":4,"51":4,"52":4,"53":4,"54":4},"branchMap":{"0":{"type":"branch","line":7,"loc":{"start":{"line":7,"column":16},"end":{"line":38,"column":2}},"locations":[{"start":{"line":7,"column":16},"end":{"line":38,"column":2}}]},"1":{"type":"branch","line":12,"loc":{"start":{"line":12,"column":27},"end":{"line":36,"column":3}},"locations":[{"start":{"line":12,"column":27},"end":{"line":36,"column":3}}]},"2":{"type":"branch","line":17,"loc":{"start":{"line":17,"column":35},"end":{"line":19,"column":5}},"locations":[{"start":{"line":17,"column":35},"end":{"line":19,"column":5}}]},"3":{"type":"branch","line":19,"loc":{"start":{"line":19,"column":4},"end":{"line":21,"column":35}},"locations":[{"start":{"line":19,"column":4},"end":{"line":21,"column":35}}]},"4":{"type":"branch","line":21,"loc":{"start":{"line":21,"column":35},"end":{"line":23,"column":5}},"locations":[{"start":{"line":21,"column":35},"end":{"line":23,"column":5}}]},"5":{"type":"branch","line":23,"loc":{"start":{"line":23,"column":4},"end":{"line":25,"column":27}},"locations":[{"start":{"line":23,"column":4},"end":{"line":25,"column":27}}]},"6":{"type":"branch","line":25,"loc":{"start":{"line":25,"column":27},"end":{"line":27,"column":5}},"locations":[{"start":{"line":25,"column":27},"end":{"line":27,"column":5}}]},"7":{"type":"branch","line":27,"loc":{"start":{"line":27,"column":4},"end":{"line":29,"column":38}},"locations":[{"start":{"line":27,"column":4},"end":{"line":29,"column":38}}]},"8":{"type":"branch","line":29,"loc":{"start":{"line":29,"column":34},"end":{"line":29,"column":64}},"locations":[{"start":{"line":29,"column":34},"end":{"line":29,"column":64}}]},"9":{"type":"branch","line":29,"loc":{"start":{"line":29,"column":66},"end":{"line":36,"column":3}},"locations":[{"start":{"line":29,"column":66},"end":{"line":36,"column":3}}]},"10":{"type":"branch","line":40,"loc":{"start":{"line":40,"column":17},"end":{"line":40,"column":59}},"locations":[{"start":{"line":40,"column":17},"end":{"line":40,"column":59}}]},"11":{"type":"branch","line":42,"loc":{"start":{"line":42,"column":18},"end":{"line":45,"column":2}},"locations":[{"start":{"line":42,"column":18},"end":{"line":45,"column":2}}]},"12":{"type":"branch","line":47,"loc":{"start":{"line":47,"column":22},"end":{"line":47,"column":57}},"locations":[{"start":{"line":47,"column":22},"end":{"line":47,"column":57}}]},"13":{"type":"branch","line":49,"loc":{"start":{"line":49,"column":15},"end":{"line":55,"column":2}},"locations":[{"start":{"line":49,"column":15},"end":{"line":55,"column":2}}]}},"b":{"0":[20],"1":[72],"2":[20],"3":[52],"4":[8],"5":[44],"6":[12],"7":[32],"8":[20],"9":[16],"10":[8],"11":[8],"12":[8],"13":[4]},"fnMap":{"0":{"name":"genDiff","decl":{"start":{"line":7,"column":16},"end":{"line":38,"column":2}},"loc":{"start":{"line":7,"column":16},"end":{"line":38,"column":2}},"line":7},"1":{"name":"getPath","decl":{"start":{"line":40,"column":17},"end":{"line":40,"column":59}},"loc":{"start":{"line":40,"column":17},"end":{"line":40,"column":59}},"line":40},"2":{"name":"readFile","decl":{"start":{"line":42,"column":18},"end":{"line":45,"column":2}},"loc":{"start":{"line":42,"column":18},"end":{"line":45,"column":2}},"line":42},"3":{"name":"getExtension","decl":{"start":{"line":47,"column":22},"end":{"line":47,"column":57}},"loc":{"start":{"line":47,"column":22},"end":{"line":47,"column":57}},"line":47},"4":{"name":"default","decl":{"start":{"line":49,"column":15},"end":{"line":55,"column":2}},"loc":{"start":{"line":49,"column":15},"end":{"line":55,"column":2}},"line":49}},"f":{"0":20,"1":8,"2":8,"3":8,"4":4}}
,"/home/welena/frontend-project-46/src/parsers.js": {"path":"/home/welena/frontend-project-46/src/parsers.js","all":false,"statementMap":{"0":{"start":{"line":1,"column":0},"end":{"line":1,"column":27}},"1":{"start":{"line":2,"column":0},"end":{"line":2,"column":0}},"2":{"start":{"line":3,"column":0},"end":{"line":3,"column":40}},"3":{"start":{"line":4,"column":0},"end":{"line":4,"column":22}},"4":{"start":{"line":5,"column":0},"end":{"line":5,"column":16}},"5":{"start":{"line":6,"column":0},"end":{"line":6,"column":30}},"6":{"start":{"line":7,"column":0},"end":{"line":7,"column":15}},"7":{"start":{"line":8,"column":0},"end":{"line":8,"column":16}},"8":{"start":{"line":9,"column":0},"end":{"line":9,"column":29}},"9":{"start":{"line":10,"column":0},"end":{"line":10,"column":12}},"10":{"start":{"line":11,"column":0},"end":{"line":11,"column":40}},"11":{"start":{"line":12,"column":0},"end":{"line":12,"column":3}},"12":{"start":{"line":13,"column":0},"end":{"line":13,"column":2}},"13":{"start":{"line":14,"column":0},"end":{"line":14,"column":0}},"14":{"start":{"line":15,"column":0},"end":{"line":15,"column":25}}},"s":{"0":1,"1":1,"2":1,"3":8,"4":8,"5":4,"6":8,"7":8,"8":4,"9":8,"10":0,"11":8,"12":8,"13":1,"14":1},"branchMap":{"0":{"type":"branch","line":3,"loc":{"start":{"line":3,"column":18},"end":{"line":13,"column":2}},"locations":[{"start":{"line":3,"column":18},"end":{"line":13,"column":2}}]},"1":{"type":"branch","line":5,"loc":{"start":{"line":5,"column":4},"end":{"line":6,"column":30}},"locations":[{"start":{"line":5,"column":4},"end":{"line":6,"column":30}}]},"2":{"type":"branch","line":7,"loc":{"start":{"line":7,"column":4},"end":{"line":7,"column":15}},"locations":[{"start":{"line":7,"column":4},"end":{"line":7,"column":15}}]},"3":{"type":"branch","line":8,"loc":{"start":{"line":8,"column":4},"end":{"line":9,"column":29}},"locations":[{"start":{"line":8,"column":4},"end":{"line":9,"column":29}}]},"4":{"type":"branch","line":10,"loc":{"start":{"line":10,"column":4},"end":{"line":11,"column":40}},"locations":[{"start":{"line":10,"column":4},"end":{"line":11,"column":40}}]}},"b":{"0":[8],"1":[4],"2":[0],"3":[4],"4":[0]},"fnMap":{"0":{"name":"parseFile","decl":{"start":{"line":3,"column":18},"end":{"line":13,"column":2}},"loc":{"start":{"line":3,"column":18},"end":{"line":13,"column":2}},"line":3}},"f":{"0":8}}
,"/home/welena/frontend-project-46/src/formatters/index.js": {"path":"/home/welena/frontend-project-46/src/formatters/index.js","all":false,"statementMap":{"0":{"start":{"line":1,"column":0},"end":{"line":1,"column":31}},"1":{"start":{"line":2,"column":0},"end":{"line":2,"column":35}},"2":{"start":{"line":3,"column":0},"end":{"line":3,"column":0}},"3":{"start":{"line":4,"column":0},"end":{"line":4,"column":37}},"4":{"start":{"line":5,"column":0},"end":{"line":5,"column":19}},"5":{"start":{"line":6,"column":0},"end":{"line":6,"column":19}},"6":{"start":{"line":7,"column":0},"end":{"line":7,"column":27}},"7":{"start":{"line":8,"column":0},"end":{"line":8,"column":17}},"8":{"start":{"line":9,"column":0},"end":{"line":9,"column":25}},"9":{"start":{"line":10,"column":0},"end":{"line":10,"column":12}},"10":{"start":{"line":11,"column":0},"end":{"line":11,"column":93}},"11":{"start":{"line":12,"column":0},"end":{"line":12,"column":3}},"12":{"start":{"line":13,"column":0},"end":{"line":13,"column":2}},"13":{"start":{"line":14,"column":0},"end":{"line":14,"column":25}}},"s":{"0":1,"1":1,"2":1,"3":1,"4":4,"5":4,"6":2,"7":4,"8":2,"9":4,"10":0,"11":4,"12":4,"13":1},"branchMap":{"0":{"type":"branch","line":4,"loc":{"start":{"line":4,"column":18},"end":{"line":13,"column":2}},"locations":[{"start":{"line":4,"column":18},"end":{"line":13,"column":2}}]},"1":{"type":"branch","line":6,"loc":{"start":{"line":6,"column":4},"end":{"line":7,"column":27}},"locations":[{"start":{"line":6,"column":4},"end":{"line":7,"column":27}}]},"2":{"type":"branch","line":8,"loc":{"start":{"line":8,"column":4},"end":{"line":9,"column":25}},"locations":[{"start":{"line":8,"column":4},"end":{"line":9,"column":25}}]},"3":{"type":"branch","line":10,"loc":{"start":{"line":10,"column":4},"end":{"line":11,"column":93}},"locations":[{"start":{"line":10,"column":4},"end":{"line":11,"column":93}}]}},"b":{"0":[4],"1":[2],"2":[2],"3":[0]},"fnMap":{"0":{"name":"formatter","decl":{"start":{"line":4,"column":18},"end":{"line":13,"column":2}},"loc":{"start":{"line":4,"column":18},"end":{"line":13,"column":2}},"line":4}},"f":{"0":4}}
,"/home/welena/frontend-project-46/src/formatters/plain.js": {"path":"/home/welena/frontend-project-46/src/formatters/plain.js","all":false,"statementMap":{"0":{"start":{"line":1,"column":0},"end":{"line":1,"column":23}},"1":{"start":{"line":2,"column":0},"end":{"line":2,"column":0}},"2":{"start":{"line":3,"column":0},"end":{"line":3,"column":29}},"3":{"start":{"line":4,"column":0},"end":{"line":4,"column":25}},"4":{"start":{"line":5,"column":0},"end":{"line":5,"column":29}},"5":{"start":{"line":6,"column":0},"end":{"line":6,"column":3}},"6":{"start":{"line":7,"column":0},"end":{"line":7,"column":0}},"7":{"start":{"line":8,"column":0},"end":{"line":8,"column":33}},"8":{"start":{"line":9,"column":0},"end":{"line":9,"column":23}},"9":{"start":{"line":10,"column":0},"end":{"line":10,"column":3}},"10":{"start":{"line":11,"column":0},"end":{"line":11,"column":0}},"11":{"start":{"line":12,"column":0},"end":{"line":12,"column":14}},"12":{"start":{"line":13,"column":0},"end":{"line":13,"column":2}},"13":{"start":{"line":14,"column":0},"end":{"line":14,"column":0}},"14":{"start":{"line":15,"column":0},"end":{"line":15,"column":25}},"15":{"start":{"line":16,"column":0},"end":{"line":16,"column":31}},"16":{"start":{"line":17,"column":0},"end":{"line":17,"column":58}},"17":{"start":{"line":18,"column":0},"end":{"line":18,"column":13}},"18":{"start":{"line":19,"column":0},"end":{"line":19,"column":35}},"19":{"start":{"line":20,"column":0},"end":{"line":20,"column":15}},"20":{"start":{"line":21,"column":0},"end":{"line":21,"column":64}},"21":{"start":{"line":22,"column":0},"end":{"line":22,"column":21}},"22":{"start":{"line":23,"column":0},"end":{"line":23,"column":21}},"23":{"start":{"line":24,"column":0},"end":{"line":24,"column":83}},"24":{"start":{"line":25,"column":0},"end":{"line":25,"column":23}},"25":{"start":{"line":26,"column":0},"end":{"line":26,"column":53}},"26":{"start":{"line":27,"column":0},"end":{"line":27,"column":23}},"27":{"start":{"line":28,"column":0},"end":{"line":28,"column":105}},"28":{"start":{"line":29,"column":0},"end":{"line":29,"column":24}},"29":{"start":{"line":30,"column":0},"end":{"line":30,"column":38}},"30":{"start":{"line":31,"column":0},"end":{"line":31,"column":25}},"31":{"start":{"line":32,"column":0},"end":{"line":32,"column":20}},"32":{"start":{"line":33,"column":0},"end":{"line":33,"column":16}},"33":{"start":{"line":34,"column":0},"end":{"line":34,"column":45}},"34":{"start":{"line":35,"column":0},"end":{"line":35,"column":7}},"35":{"start":{"line":36,"column":0},"end":{"line":36,"column":7}},"36":{"start":{"line":37,"column":0},"end":{"line":37,"column":67}},"37":{"start":{"line":38,"column":0},"end":{"line":38,"column":4}},"38":{"start":{"line":39,"column":0},"end":{"line":39,"column":24}},"39":{"start":{"line":40,"column":0},"end":{"line":40,"column":2}},"40":{"start":{"line":41,"column":0},"end":{"line":41,"column":0}},"41":{"start":{"line":42,"column":0},"end":{"line":42,"column":21}}},"s":{"0":1,"1":1,"2":1,"3":26,"4":6,"5":6,"6":20,"7":26,"8":14,"9":14,"10":6,"11":6,"12":6,"13":1,"14":1,"15":2,"16":10,"17":36,"18":36,"19":36,"20":36,"21":36,"22":36,"23":10,"24":36,"25":4,"26":36,"27":8,"28":36,"29":8,"30":36,"31":6,"32":36,"33":0,"34":36,"35":10,"36":10,"37":2,"38":2,"39":2,"40":1,"41":1},"branchMap":{"0":{"type":"branch","line":3,"loc":{"start":{"line":3,"column":19},"end":{"line":13,"column":2}},"locations":[{"start":{"line":3,"column":19},"end":{"line":13,"column":2}}]},"1":{"type":"branch","line":4,"loc":{"start":{"line":4,"column":24},"end":{"line":6,"column":3}},"locations":[{"start":{"line":4,"column":24},"end":{"line":6,"column":3}}]},"2":{"type":"branch","line":6,"loc":{"start":{"line":6,"column":2},"end":{"line":8,"column":32}},"locations":[{"start":{"line":6,"column":2},"end":{"line":8,"column":32}}]},"3":{"type":"branch","line":8,"loc":{"start":{"line":8,"column":32},"end":{"line":10,"column":3}},"locations":[{"start":{"line":8,"column":32},"end":{"line":10,"column":3}}]},"4":{"type":"branch","line":10,"loc":{"start":{"line":10,"column":2},"end":{"line":13,"column":2}},"locations":[{"start":{"line":10,"column":2},"end":{"line":13,"column":2}}]},"5":{"type":"branch","line":15,"loc":{"start":{"line":15,"column":15},"end":{"line":40,"column":2}},"locations":[{"start":{"line":15,"column":15},"end":{"line":40,"column":2}}]},"6":{"type":"branch","line":16,"loc":{"start":{"line":16,"column":15},"end":{"line":38,"column":3}},"locations":[{"start":{"line":16,"column":15},"end":{"line":38,"column":3}}]},"7":{"type":"branch","line":17,"loc":{"start":{"line":17,"column":48},"end":{"line":36,"column":5}},"locations":[{"start":{"line":17,"column":48},"end":{"line":36,"column":5}}]},"8":{"type":"branch","line":21,"loc":{"start":{"line":21,"column":33},"end":{"line":21,"column":44}},"locations":[{"start":{"line":21,"column":33},"end":{"line":21,"column":44}}]},"9":{"type":"branch","line":21,"loc":{"start":{"line":21,"column":44},"end":{"line":21,"column":63}},"locations":[{"start":{"line":21,"column":44},"end":{"line":21,"column":63}}]},"10":{"type":"branch","line":23,"loc":{"start":{"line":23,"column":8},"end":{"line":24,"column":83}},"locations":[{"start":{"line":23,"column":8},"end":{"line":24,"column":83}}]},"11":{"type":"branch","line":25,"loc":{"start":{"line":25,"column":8},"end":{"line":26,"column":53}},"locations":[{"start":{"line":25,"column":8},"end":{"line":26,"column":53}}]},"12":{"type":"branch","line":27,"loc":{"start":{"line":27,"column":8},"end":{"line":28,"column":105}},"locations":[{"start":{"line":27,"column":8},"end":{"line":28,"column":105}}]},"13":{"type":"branch","line":29,"loc":{"start":{"line":29,"column":8},"end":{"line":30,"column":38}},"locations":[{"start":{"line":29,"column":8},"end":{"line":30,"column":38}}]},"14":{"type":"branch","line":31,"loc":{"start":{"line":31,"column":8},"end":{"line":32,"column":20}},"locations":[{"start":{"line":31,"column":8},"end":{"line":32,"column":20}}]},"15":{"type":"branch","line":33,"loc":{"start":{"line":33,"column":8},"end":{"line":34,"column":45}},"locations":[{"start":{"line":33,"column":8},"end":{"line":34,"column":45}}]},"16":{"type":"branch","line":37,"loc":{"start":{"line":37,"column":27},"end":{"line":37,"column":54}},"locations":[{"start":{"line":37,"column":27},"end":{"line":37,"column":54}}]}},"b":{"0":[26],"1":[6],"2":[20],"3":[14],"4":[6],"5":[2],"6":[10],"7":[36],"8":[8],"9":[28],"10":[10],"11":[4],"12":[8],"13":[8],"14":[6],"15":[0],"16":[30]},"fnMap":{"0":{"name":"stringify","decl":{"start":{"line":3,"column":19},"end":{"line":13,"column":2}},"loc":{"start":{"line":3,"column":19},"end":{"line":13,"column":2}},"line":3},"1":{"name":"plain","decl":{"start":{"line":15,"column":15},"end":{"line":40,"column":2}},"loc":{"start":{"line":15,"column":15},"end":{"line":40,"column":2}},"line":15},"2":{"name":"iter","decl":{"start":{"line":16,"column":15},"end":{"line":38,"column":3}},"loc":{"start":{"line":16,"column":15},"end":{"line":38,"column":3}},"line":16}},"f":{"0":26,"1":2,"2":10}}
,"/home/welena/frontend-project-46/src/formatters/stylish.js": {"path":"/home/welena/frontend-project-46/src/formatters/stylish.js","all":false,"statementMap":{"0":{"start":{"line":1,"column":0},"end":{"line":1,"column":23}},"1":{"start":{"line":2,"column":0},"end":{"line":2,"column":0}},"2":{"start":{"line":3,"column":0},"end":{"line":3,"column":24}},"3":{"start":{"line":4,"column":0},"end":{"line":4,"column":0}},"4":{"start":{"line":5,"column":0},"end":{"line":5,"column":36}},"5":{"start":{"line":6,"column":0},"end":{"line":6,"column":26}},"6":{"start":{"line":7,"column":0},"end":{"line":7,"column":21}},"7":{"start":{"line":8,"column":0},"end":{"line":8,"column":3}},"8":{"start":{"line":9,"column":0},"end":{"line":9,"column":0}},"9":{"start":{"line":10,"column":0},"end":{"line":10,"column":40}},"10":{"start":{"line":11,"column":0},"end":{"line":11,"column":116}},"11":{"start":{"line":12,"column":0},"end":{"line":12,"column":48}},"12":{"start":{"line":13,"column":0},"end":{"line":13,"column":2}},"13":{"start":{"line":14,"column":0},"end":{"line":14,"column":0}},"14":{"start":{"line":15,"column":0},"end":{"line":15,"column":27}},"15":{"start":{"line":16,"column":0},"end":{"line":16,"column":33}},"16":{"start":{"line":17,"column":0},"end":{"line":17,"column":42}},"17":{"start":{"line":18,"column":0},"end":{"line":18,"column":34}},"18":{"start":{"line":19,"column":0},"end":{"line":19,"column":33}},"19":{"start":{"line":20,"column":0},"end":{"line":20,"column":11}},"20":{"start":{"line":21,"column":0},"end":{"line":21,"column":21}},"21":{"start":{"line":22,"column":0},"end":{"line":22,"column":21}},"22":{"start":{"line":23,"column":0},"end":{"line":23,"column":71}},"23":{"start":{"line":24,"column":0},"end":{"line":24,"column":23}},"24":{"start":{"line":25,"column":0},"end":{"line":25,"column":71}},"25":{"start":{"line":26,"column":0},"end":{"line":26,"column":25}},"26":{"start":{"line":27,"column":0},"end":{"line":27,"column":71}},"27":{"start":{"line":28,"column":0},"end":{"line":28,"column":23}},"28":{"start":{"line":29,"column":0},"end":{"line":29,"column":127}},"29":{"start":{"line":30,"column":0},"end":{"line":30,"column":24}},"30":{"start":{"line":31,"column":0},"end":{"line":31,"column":66}},"31":{"start":{"line":32,"column":0},"end":{"line":32,"column":16}},"32":{"start":{"line":33,"column":0},"end":{"line":33,"column":45}},"33":{"start":{"line":34,"column":0},"end":{"line":34,"column":7}},"34":{"start":{"line":35,"column":0},"end":{"line":35,"column":7}},"35":{"start":{"line":36,"column":0},"end":{"line":36,"column":49}},"36":{"start":{"line":37,"column":0},"end":{"line":37,"column":4}},"37":{"start":{"line":38,"column":0},"end":{"line":38,"column":23}},"38":{"start":{"line":39,"column":0},"end":{"line":39,"column":2}},"39":{"start":{"line":40,"column":0},"end":{"line":40,"column":0}},"40":{"start":{"line":41,"column":0},"end":{"line":41,"column":23}}},"s":{"0":1,"1":1,"2":1,"3":1,"4":1,"5":54,"6":40,"7":40,"8":14,"9":14,"10":14,"11":14,"12":14,"13":1,"14":1,"15":2,"16":10,"17":10,"18":36,"19":36,"20":36,"21":36,"22":10,"23":36,"24":4,"25":36,"26":6,"27":36,"28":8,"29":36,"30":8,"31":36,"32":0,"33":36,"34":10,"35":10,"36":2,"37":2,"38":2,"39":1,"40":1},"branchMap":{"0":{"type":"branch","line":5,"loc":{"start":{"line":5,"column":18},"end":{"line":13,"column":2}},"locations":[{"start":{"line":5,"column":18},"end":{"line":13,"column":2}}]},"1":{"type":"branch","line":6,"loc":{"start":{"line":6,"column":25},"end":{"line":8,"column":3}},"locations":[{"start":{"line":6,"column":25},"end":{"line":8,"column":3}}]},"2":{"type":"branch","line":8,"loc":{"start":{"line":8,"column":2},"end":{"line":13,"column":2}},"locations":[{"start":{"line":8,"column":2},"end":{"line":13,"column":2}}]},"3":{"type":"branch","line":11,"loc":{"start":{"line":11,"column":43},"end":{"line":11,"column":114}},"locations":[{"start":{"line":11,"column":43},"end":{"line":11,"column":114}}]},"4":{"type":"branch","line":15,"loc":{"start":{"line":15,"column":17},"end":{"line":39,"column":2}},"locations":[{"start":{"line":15,"column":17},"end":{"line":39,"column":2}}]},"5":{"type":"branch","line":16,"loc":{"start":{"line":16,"column":15},"end":{"line":37,"column":3}},"locations":[{"start":{"line":16,"column":15},"end":{"line":37,"column":3}}]},"6":{"type":"branch","line":18,"loc":{"start":{"line":18,"column":32},"end":{"line":35,"column":5}},"locations":[{"start":{"line":18,"column":32},"end":{"line":35,"column":5}}]},"7":{"type":"branch","line":22,"loc":{"start":{"line":22,"column":8},"end":{"line":23,"column":71}},"locations":[{"start":{"line":22,"column":8},"end":{"line":23,"column":71}}]},"8":{"type":"branch","line":24,"loc":{"start":{"line":24,"column":8},"end":{"line":25,"column":71}},"locations":[{"start":{"line":24,"column":8},"end":{"line":25,"column":71}}]},"9":{"type":"branch","line":26,"loc":{"start":{"line":26,"column":8},"end":{"line":27,"column":71}},"locations":[{"start":{"line":26,"column":8},"end":{"line":27,"column":71}}]},"10":{"type":"branch","line":28,"loc":{"start":{"line":28,"column":8},"end":{"line":29,"column":127}},"locations":[{"start":{"line":28,"column":8},"end":{"line":29,"column":127}}]},"11":{"type":"branch","line":30,"loc":{"start":{"line":30,"column":8},"end":{"line":31,"column":66}},"locations":[{"start":{"line":30,"column":8},"end":{"line":31,"column":66}}]},"12":{"type":"branch","line":32,"loc":{"start":{"line":32,"column":8},"end":{"line":33,"column":45}},"locations":[{"start":{"line":32,"column":8},"end":{"line":33,"column":45}}]}},"b":{"0":[54],"1":[40],"2":[14],"3":[18],"4":[2],"5":[10],"6":[36],"7":[10],"8":[4],"9":[6],"10":[8],"11":[8],"12":[0]},"fnMap":{"0":{"name":"stringify","decl":{"start":{"line":5,"column":18},"end":{"line":13,"column":2}},"loc":{"start":{"line":5,"column":18},"end":{"line":13,"column":2}},"line":5},"1":{"name":"stylish","decl":{"start":{"line":15,"column":17},"end":{"line":39,"column":2}},"loc":{"start":{"line":15,"column":17},"end":{"line":39,"column":2}},"line":15},"2":{"name":"iter","decl":{"start":{"line":16,"column":15},"end":{"line":37,"column":3}},"loc":{"start":{"line":16,"column":15},"end":{"line":37,"column":3}},"line":16}},"f":{"0":54,"1":2,"2":10}}
}
