TN:
SF:src/index.js
FN:7,getPath
FN:9,genDiff
FN:39,formatter
FN:57,default
FNF:4
FNH:4
FNDA:2,getPath
FNDA:1,genDiff
FNDA:2,formatter
FNDA:1,default
DA:1,1
DA:2,1
DA:3,1
DA:4,1
DA:5,1
DA:6,1
DA:7,1
DA:8,1
DA:9,1
DA:10,1
DA:11,1
DA:12,1
DA:13,1
DA:14,1
DA:15,5
DA:16,5
DA:17,5
DA:18,5
DA:19,5
DA:20,1
DA:21,1
DA:22,4
DA:23,5
DA:24,2
DA:25,2
DA:26,2
DA:27,5
DA:28,1
DA:29,1
DA:30,1
DA:31,1
DA:32,1
DA:33,1
DA:34,1
DA:35,1
DA:36,1
DA:37,1
DA:38,1
DA:39,2
DA:40,2
DA:41,10
DA:42,10
DA:43,4
DA:44,10
DA:45,2
DA:46,6
DA:47,2
DA:48,2
DA:49,2
DA:50,2
DA:51,2
DA:52,10
DA:53,2
DA:54,2
DA:55,2
DA:56,1
DA:57,1
DA:58,1
DA:59,1
DA:60,1
DA:61,1
DA:62,1
DA:63,1
DA:64,1
DA:65,1
DA:66,1
DA:67,1
DA:68,1
DA:69,1
DA:70,1
LF:70
LH:70
BRDA:7,0,0,2
BRDA:9,1,0,1
BRDA:14,2,0,5
BRDA:19,3,0,1
BRDA:21,4,0,4
BRDA:23,5,0,2
BRDA:27,6,0,1
BRDA:39,7,0,2
BRDA:40,8,0,10
BRDA:42,9,0,4
BRDA:44,10,0,6
BRDA:44,11,0,2
BRDA:46,12,0,4
BRDA:46,13,0,2
BRDA:57,14,0,1
BRF:15
BRH:15
end_of_record
