TN:
SF:src/index.js
FN:8,genDiff
FN:38,formatter
FN:56,getPath
FN:58,readFile
FN:63,parseFile
FN:75,getExtension
FN:77,default
FNF:7
FNH:7
FNDA:2,genDiff
FNDA:4,formatter
FNDA:4,getPath
FNDA:4,readFile
FNDA:4,parseFile
FNDA:4,getExtension
FNDA:2,default
DA:1,1
DA:2,1
DA:3,1
DA:4,1
DA:5,1
DA:6,1
DA:7,1
DA:8,1
DA:9,2
DA:10,2
DA:11,2
DA:12,2
DA:13,2
DA:14,10
DA:15,10
DA:16,10
DA:17,10
DA:18,10
DA:19,2
DA:20,2
DA:21,8
DA:22,10
DA:23,4
DA:24,4
DA:25,4
DA:26,10
DA:27,2
DA:28,2
DA:29,2
DA:30,2
DA:31,2
DA:32,2
DA:33,2
DA:34,2
DA:35,2
DA:36,2
DA:37,1
DA:38,4
DA:39,4
DA:40,20
DA:41,20
DA:42,8
DA:43,20
DA:44,4
DA:45,12
DA:46,4
DA:47,4
DA:48,4
DA:49,4
DA:50,4
DA:51,20
DA:52,4
DA:53,4
DA:54,4
DA:55,1
DA:56,1
DA:57,1
DA:58,1
DA:59,4
DA:60,4
DA:61,4
DA:62,1
DA:63,1
DA:64,4
DA:65,4
DA:66,2
DA:67,4
DA:68,4
DA:69,2
DA:70,4
DA:71,0
DA:72,4
DA:73,4
DA:74,1
DA:75,1
DA:76,1
DA:77,1
DA:78,2
DA:79,2
DA:80,2
DA:81,2
DA:82,2
DA:83,2
DA:84,2
DA:85,2
DA:86,2
LF:86
LH:85
BRDA:8,0,0,2
BRDA:13,1,0,10
BRDA:18,2,0,2
BRDA:20,3,0,8
BRDA:22,4,0,4
BRDA:26,5,0,2
BRDA:38,6,0,4
BRDA:39,7,0,20
BRDA:41,8,0,8
BRDA:43,9,0,12
BRDA:43,10,0,4
BRDA:45,11,0,8
BRDA:45,12,0,4
BRDA:56,13,0,4
BRDA:58,14,0,4
BRDA:63,15,0,4
BRDA:65,16,0,2
BRDA:67,17,0,0
BRDA:68,18,0,2
BRDA:70,19,0,0
BRDA:75,20,0,4
BRDA:77,21,0,2
BRF:22
BRH:20
end_of_record
